/home2/zxy_25/RMBG-2.0/rmbg/lib/python3.10/site-packages/timm/models/layers/__init__.py:48: FutureWarning: Importing from timm.models.layers is deprecated, please import via timm.layers
  warnings.warn(f"Importing from {__name__} is deprecated, please import via timm.layers", FutureWarning)
/home2/zxy_25/RMBG-2.0/rmbg/lib/python3.10/site-packages/timm/models/registry.py:4: FutureWarning: Importing from timm.models.registry is deprecated, please import via timm.models
  warnings.warn(f"Importing from {__name__} is deprecated, please import via timm.models", FutureWarning)
Fetching 6 files:   0%|          | 0/6 [00:00<?, ?it/s]Cancellation requested; stopping current tasks.
Fetching 6 files:  67%|██████▋   | 4/6 [00:12<00:06,  3.24s/it]
Traceback (most recent call last):
  File "/home2/zxy_25/RMBG-2.0/app.py", line 11, in <module>
    aura_sr = AuraSR.from_pretrained("fal/AuraSR-v2")
  File "/home2/zxy_25/RMBG-2.0/rmbg/lib/python3.10/site-packages/aura_sr.py", line 807, in from_pretrained
    hf_model_path = Path(snapshot_download(model_id))
  File "/home2/zxy_25/RMBG-2.0/rmbg/lib/python3.10/site-packages/huggingface_hub/utils/_validators.py", line 114, in _inner_fn
    return fn(*args, **kwargs)
  File "/home2/zxy_25/RMBG-2.0/rmbg/lib/python3.10/site-packages/huggingface_hub/_snapshot_download.py", line 332, in snapshot_download
    thread_map(
  File "/home2/zxy_25/RMBG-2.0/rmbg/lib/python3.10/site-packages/tqdm/contrib/concurrent.py", line 69, in thread_map
    return _executor_map(ThreadPoolExecutor, fn, *iterables, **tqdm_kwargs)
  File "/home2/zxy_25/RMBG-2.0/rmbg/lib/python3.10/site-packages/tqdm/contrib/concurrent.py", line 51, in _executor_map
    return list(tqdm_class(ex.map(fn, *iterables, chunksize=chunksize), **kwargs))
  File "/home2/zxy_25/RMBG-2.0/rmbg/lib/python3.10/site-packages/tqdm/std.py", line 1181, in __iter__
    for obj in iterable:
  File "/usr/lib/python3.10/concurrent/futures/_base.py", line 621, in result_iterator
    yield _result_or_cancel(fs.pop())
  File "/usr/lib/python3.10/concurrent/futures/_base.py", line 319, in _result_or_cancel
    return fut.result(timeout)
  File "/usr/lib/python3.10/concurrent/futures/_base.py", line 453, in result
    self._condition.wait(timeout)
  File "/usr/lib/python3.10/threading.py", line 320, in wait
    waiter.acquire()
KeyboardInterrupt
